Jun 26, 2025 7:40:02 PM com.auction.util.LogArchiver lambda$archiveLogs$1
SEVERE: Error archiving auction.log: logs\current\auction.log: The process cannot access the file because it is being used by another process
Jun 26, 2025 7:40:02 PM com.auction.util.LogArchiver archiveLogs
INFO: Created archive: logs/archive/2025-06-26/logs_2025-06-26.zip
Jun 26, 2025 9:04:09 PM com.auction.util.LogArchiver lambda$archiveLogs$1
SEVERE: Error archiving auction.log: logs\current\auction.log: The process cannot access the file because it is being used by another process
Jun 26, 2025 9:04:09 PM com.auction.util.LogArchiver archiveLogs
INFO: Created archive: logs/archive/2025-06-26/logs_2025-06-26.zip
Jun 26, 2025 9:12:40 PM com.auction.util.LogArchiver lambda$archiveLogs$1
SEVERE: Error archiving auction.log: logs\current\auction.log: The process cannot access the file because it is being used by another process
Jun 26, 2025 9:12:40 PM com.auction.util.LogArchiver archiveLogs
INFO: Created archive: logs/archive/2025-06-26/logs_2025-06-26.zip
Jun 26, 2025 9:13:15 PM com.auction.util.LogArchiver lambda$archiveLogs$1
SEVERE: Error archiving auction.log: logs\current\auction.log: The process cannot access the file because it is being used by another process
Jun 26, 2025 9:13:15 PM com.auction.util.LogArchiver archiveLogs
INFO: Created archive: logs/archive/2025-06-26/logs_2025-06-26.zip
Jun 26, 2025 9:13:47 PM com.auction.util.LogArchiver lambda$archiveLogs$1
SEVERE: Error archiving auction.log: logs\current\auction.log: The process cannot access the file because it is being used by another process
Jun 26, 2025 9:13:47 PM com.auction.util.LogArchiver archiveLogs
INFO: Created archive: logs/archive/2025-06-26/logs_2025-06-26.zip
Jun 26, 2025 9:31:15 PM com.auction.util.LogArchiver lambda$archiveLogs$1
SEVERE: Error archiving auction.log: logs\current\auction.log: The process cannot access the file because it is being used by another process
Jun 26, 2025 9:31:15 PM com.auction.util.LogArchiver archiveLogs
INFO: Created archive: logs/archive/2025-06-26/logs_2025-06-26.zip
Jun 26, 2025 9:33:45 PM com.auction.util.LogArchiver lambda$archiveLogs$1
SEVERE: Error archiving auction.log: logs\current\auction.log: The process cannot access the file because it is being used by another process
Jun 26, 2025 9:33:45 PM com.auction.util.LogArchiver archiveLogs
INFO: Created archive: logs/archive/2025-06-26/logs_2025-06-26.zip
Jun 26, 2025 9:34:13 PM com.auction.util.LogArchiver lambda$archiveLogs$1
SEVERE: Error archiving auction.log: logs\current\auction.log: The process cannot access the file because it is being used by another process
Jun 26, 2025 9:34:13 PM com.auction.util.LogArchiver archiveLogs
INFO: Created archive: logs/archive/2025-06-26/logs_2025-06-26.zip
Jun 26, 2025 9:38:19 PM com.auction.util.LogArchiver lambda$archiveLogs$1
SEVERE: Error archiving auction.log: logs\current\auction.log: The process cannot access the file because it is being used by another process
Jun 26, 2025 9:38:19 PM com.auction.util.LogArchiver archiveLogs
INFO: Created archive: logs/archive/2025-06-26/logs_2025-06-26.zip
Jun 26, 2025 9:40:11 PM com.auction.util.LogArchiver lambda$archiveLogs$1
SEVERE: Error archiving auction.log: logs\current\auction.log: The process cannot access the file because it is being used by another process
Jun 26, 2025 9:40:11 PM com.auction.util.LogArchiver archiveLogs
INFO: Created archive: logs/archive/2025-06-26/logs_2025-06-26.zip
Jun 26, 2025 9:42:46 PM com.auction.util.LogArchiver lambda$archiveLogs$1
SEVERE: Error archiving auction.log: logs\current\auction.log: The process cannot access the file because it is being used by another process
Jun 26, 2025 9:42:46 PM com.auction.util.LogArchiver archiveLogs
INFO: Created archive: logs/archive/2025-06-26/logs_2025-06-26.zip
Jun 26, 2025 9:44:09 PM com.auction.util.LogArchiver lambda$archiveLogs$1
SEVERE: Error archiving auction.log: logs\current\auction.log: The process cannot access the file because it is being used by another process
Jun 26, 2025 9:44:09 PM com.auction.util.LogArchiver archiveLogs
INFO: Created archive: logs/archive/2025-06-26/logs_2025-06-26.zip
Jun 26, 2025 9:46:57 PM com.auction.util.LogArchiver lambda$archiveLogs$1
SEVERE: Error archiving auction.log: logs\current\auction.log: The process cannot access the file because it is being used by another process
Jun 26, 2025 9:46:57 PM com.auction.util.LogArchiver archiveLogs
INFO: Created archive: logs/archive/2025-06-26/logs_2025-06-26.zip
Jun 26, 2025 9:52:40 PM com.auction.util.LogArchiver lambda$archiveLogs$1
SEVERE: Error archiving auction.log: logs\current\auction.log: The process cannot access the file because it is being used by another process
Jun 26, 2025 9:52:41 PM com.auction.util.LogArchiver archiveLogs
INFO: Created archive: logs/archive/2025-06-26/logs_2025-06-26.zip
Jun 26, 2025 9:56:08 PM com.auction.util.LogArchiver lambda$archiveLogs$1
SEVERE: Error archiving auction.log: logs\current\auction.log: The process cannot access the file because it is being used by another process
Jun 26, 2025 9:56:08 PM com.auction.util.LogArchiver archiveLogs
INFO: Created archive: logs/archive/2025-06-26/logs_2025-06-26.zip
Jun 26, 2025 9:58:02 PM com.auction.util.LogArchiver lambda$archiveLogs$1
SEVERE: Error archiving auction.log: logs\current\auction.log: The process cannot access the file because it is being used by another process
Jun 26, 2025 9:58:02 PM com.auction.util.LogArchiver archiveLogs
INFO: Created archive: logs/archive/2025-06-26/logs_2025-06-26.zip
Jun 26, 2025 9:59:15 PM com.auction.util.LogArchiver lambda$archiveLogs$1
SEVERE: Error archiving auction.log: logs\current\auction.log: The process cannot access the file because it is being used by another process
Jun 26, 2025 9:59:15 PM com.auction.util.LogArchiver archiveLogs
INFO: Created archive: logs/archive/2025-06-26/logs_2025-06-26.zip
Jun 26, 2025 10:00:23 PM com.auction.util.LogArchiver lambda$archiveLogs$1
SEVERE: Error archiving auction.log: logs\current\auction.log: The process cannot access the file because it is being used by another process
Jun 26, 2025 10:00:23 PM com.auction.util.LogArchiver archiveLogs
INFO: Created archive: logs/archive/2025-06-26/logs_2025-06-26.zip
Jun 26, 2025 10:15:19 PM com.auction.util.LogArchiver lambda$archiveLogs$1
SEVERE: Error archiving auction.log: logs\current\auction.log: The process cannot access the file because it is being used by another process
Jun 26, 2025 10:15:19 PM com.auction.util.LogArchiver archiveLogs
INFO: Created archive: logs/archive/2025-06-26/logs_2025-06-26.zip
Jun 26, 2025 10:31:16 PM com.auction.util.LogArchiver lambda$archiveLogs$1
SEVERE: Error archiving auction.log: logs\current\auction.log: The process cannot access the file because it is being used by another process
Jun 26, 2025 10:31:16 PM com.auction.util.LogArchiver archiveLogs
INFO: Created archive: logs/archive/2025-06-26/logs_2025-06-26.zip
Jun 27, 2025 9:52:45 AM com.auction.util.LogArchiver lambda$archiveLogs$1
SEVERE: Error archiving auction.log: logs\current\auction.log: The process cannot access the file because it is being used by another process
Jun 27, 2025 9:52:45 AM com.auction.util.LogArchiver archiveLogs
INFO: Created archive: logs/archive/2025-06-27/logs_2025-06-27.zip
Jun 27, 2025 10:25:29 AM com.auction.util.LogArchiver lambda$archiveLogs$1
SEVERE: Error archiving auction.log: logs\current\auction.log: The process cannot access the file because it is being used by another process
Jun 27, 2025 10:25:29 AM com.auction.util.LogArchiver archiveLogs
INFO: Created archive: logs/archive/2025-06-27/logs_2025-06-27.zip
Jun 27, 2025 10:26:02 AM com.auction.util.LogArchiver lambda$archiveLogs$1
SEVERE: Error archiving auction.log: logs\current\auction.log: The process cannot access the file because it is being used by another process
Jun 27, 2025 10:26:02 AM com.auction.util.LogArchiver archiveLogs
INFO: Created archive: logs/archive/2025-06-27/logs_2025-06-27.zip
Jun 27, 2025 10:26:24 AM com.auction.util.LogArchiver lambda$archiveLogs$1
SEVERE: Error archiving auction.log: logs\current\auction.log: The process cannot access the file because it is being used by another process
Jun 27, 2025 10:26:24 AM com.auction.util.LogArchiver archiveLogs
INFO: Created archive: logs/archive/2025-06-27/logs_2025-06-27.zip
Jun 27, 2025 11:58:32 PM com.auction.util.LogArchiver lambda$archiveLogs$1
SEVERE: Error archiving auction.log: logs\current\auction.log: The process cannot access the file because it is being used by another process
Jun 27, 2025 11:58:32 PM com.auction.util.LogArchiver archiveLogs
INFO: Created archive: logs/archive/2025-06-27/logs_2025-06-27.zip
Jun 28, 2025 12:33:42 AM com.auction.util.LogArchiver lambda$archiveLogs$1
SEVERE: Error archiving auction.log: logs\current\auction.log: The process cannot access the file because it is being used by another process
Jun 28, 2025 12:33:42 AM com.auction.util.LogArchiver archiveLogs
INFO: Created archive: logs/archive/2025-06-28/logs_2025-06-28.zip
Jun 28, 2025 12:33:58 AM com.auction.util.LogArchiver lambda$archiveLogs$1
SEVERE: Error archiving auction.log: logs\current\auction.log: The process cannot access the file because it is being used by another process
Jun 28, 2025 12:33:58 AM com.auction.util.LogArchiver archiveLogs
INFO: Created archive: logs/archive/2025-06-28/logs_2025-06-28.zip
Jun 28, 2025 12:35:20 AM com.auction.util.LogArchiver lambda$archiveLogs$1
SEVERE: Error archiving auction.log: logs\current\auction.log: The process cannot access the file because it is being used by another process
Jun 28, 2025 12:35:20 AM com.auction.util.LogArchiver archiveLogs
INFO: Created archive: logs/archive/2025-06-28/logs_2025-06-28.zip
Jun 28, 2025 12:37:58 AM com.auction.util.LogArchiver lambda$archiveLogs$1
SEVERE: Error archiving auction.log: logs\current\auction.log: The process cannot access the file because it is being used by another process
Jun 28, 2025 12:37:58 AM com.auction.util.LogArchiver archiveLogs
INFO: Created archive: logs/archive/2025-06-28/logs_2025-06-28.zip
Jun 28, 2025 12:49:31 AM com.auction.util.LogArchiver lambda$archiveLogs$1
SEVERE: Error archiving auction.log: logs\current\auction.log: The process cannot access the file because it is being used by another process
Jun 28, 2025 12:49:31 AM com.auction.util.LogArchiver archiveLogs
INFO: Created archive: logs/archive/2025-06-28/logs_2025-06-28.zip
Jun 28, 2025 12:49:39 AM com.auction.util.LogArchiver lambda$archiveLogs$1
SEVERE: Error archiving auction.log: logs\current\auction.log: The process cannot access the file because it is being used by another process
Jun 28, 2025 12:49:39 AM com.auction.util.LogArchiver archiveLogs
INFO: Created archive: logs/archive/2025-06-28/logs_2025-06-28.zip
Jun 28, 2025 1:01:09 AM com.auction.util.LogArchiver lambda$archiveLogs$1
SEVERE: Error archiving auction.log: logs\current\auction.log: The process cannot access the file because it is being used by another process
Jun 28, 2025 1:01:09 AM com.auction.util.LogArchiver archiveLogs
INFO: Created archive: logs/archive/2025-06-28/logs_2025-06-28.zip
Jun 28, 2025 1:01:31 AM com.auction.util.LogArchiver lambda$archiveLogs$1
SEVERE: Error archiving auction.log: logs\current\auction.log: The process cannot access the file because it is being used by another process
Jun 28, 2025 1:01:31 AM com.auction.util.LogArchiver archiveLogs
INFO: Created archive: logs/archive/2025-06-28/logs_2025-06-28.zip
Jun 28, 2025 1:03:48 AM com.auction.util.LogArchiver lambda$archiveLogs$1
SEVERE: Error archiving auction.log: logs\current\auction.log: The process cannot access the file because it is being used by another process
Jun 28, 2025 1:03:48 AM com.auction.util.LogArchiver archiveLogs
INFO: Created archive: logs/archive/2025-06-28/logs_2025-06-28.zip
Jun 28, 2025 1:05:53 AM com.auction.util.LogArchiver lambda$archiveLogs$1
SEVERE: Error archiving auction.log: logs\current\auction.log: The process cannot access the file because it is being used by another process
Jun 28, 2025 1:05:53 AM com.auction.util.LogArchiver archiveLogs
INFO: Created archive: logs/archive/2025-06-28/logs_2025-06-28.zip
