2025-06-28 11:42:20 [main] INFO  Matcher:13 -  USER → ID: 0 | Name: Bibhab | Email: bibhab@gmail.com
2025-06-28 11:51:13 [main] INFO  Matcher:13 -  USER → ID: 0 | Name: Shyam | Email: shyam@gmail.vom
2025-06-28 15:51:04 [main] ERROR UserDao:32 - DB error while registering user 'Faizan': No suitable driver found for dbc:oracle:thin:@localhost:1521:XE
java.sql.SQLException: No suitable driver found for dbc:oracle:thin:@localhost:1521:XE
	at java.sql/java.sql.DriverManager.getConnection(DriverManager.java:638) ~[java.sql:?]
	at java.sql/java.sql.DriverManager.getConnection(DriverManager.java:199) ~[java.sql:?]
	at com.auction.util.DBUtil.getConnection(DBUtil.java:22) ~[classes/:?]
	at com.auction.dao.UserDao.RegisterUser(UserDao.java:19) [classes/:?]
	at com.auction.Main.main(Main.java:43) [classes/:?]
2025-06-28 15:53:35 [main] ERROR UserDao:32 - DB error while registering user 'faizan': No suitable driver found for dbc:oracle:thin:@localhost:1521:XE
java.sql.SQLException: No suitable driver found for dbc:oracle:thin:@localhost:1521:XE
	at java.sql/java.sql.DriverManager.getConnection(DriverManager.java:638) ~[java.sql:?]
	at java.sql/java.sql.DriverManager.getConnection(DriverManager.java:199) ~[java.sql:?]
	at com.auction.util.DBUtil.getConnection(DBUtil.java:22) ~[classes/:?]
	at com.auction.dao.UserDao.RegisterUser(UserDao.java:19) [classes/:?]
	at com.auction.Main.main(Main.java:43) [classes/:?]
2025-06-28 16:05:02 [main] ERROR UserDao:32 - DB error while registering user 'faizan': No suitable driver found for jdbc:oracle:thin:@localhost:1521:xe
java.sql.SQLException: No suitable driver found for jdbc:oracle:thin:@localhost:1521:xe
	at java.sql/java.sql.DriverManager.getConnection(DriverManager.java:638) ~[java.sql:?]
	at java.sql/java.sql.DriverManager.getConnection(DriverManager.java:199) ~[java.sql:?]
	at com.auction.util.DBUtil.getConnection(DBUtil.java:22) ~[classes/:?]
	at com.auction.dao.UserDao.RegisterUser(UserDao.java:19) [classes/:?]
	at com.auction.Main.main(Main.java:43) [classes/:?]
2025-06-28 16:07:14 [main] ERROR UserDao:32 - DB error while registering user 'faizan': No suitable driver found for jdbc:oracle:thin:@localhost:1521:xe
java.sql.SQLException: No suitable driver found for jdbc:oracle:thin:@localhost:1521:xe
	at java.sql/java.sql.DriverManager.getConnection(DriverManager.java:638) ~[java.sql:?]
	at java.sql/java.sql.DriverManager.getConnection(DriverManager.java:199) ~[java.sql:?]
	at com.auction.util.DBUtil.getConnection(DBUtil.java:22) ~[classes/:?]
	at com.auction.dao.UserDao.RegisterUser(UserDao.java:19) [classes/:?]
	at com.auction.Main.main(Main.java:43) [classes/:?]
2025-06-28 16:08:46 [main] ERROR UserDao:32 - DB error while registering user 'faizan': No suitable driver found for jdbc:oracle:thin:@localhost:1521:xe
java.sql.SQLException: No suitable driver found for jdbc:oracle:thin:@localhost:1521:xe
	at java.sql/java.sql.DriverManager.getConnection(DriverManager.java:638) ~[java.sql:?]
	at java.sql/java.sql.DriverManager.getConnection(DriverManager.java:199) ~[java.sql:?]
	at com.auction.util.DBUtil.getConnection(DBUtil.java:22) ~[classes/:?]
	at com.auction.dao.UserDao.RegisterUser(UserDao.java:19) [classes/:?]
	at com.auction.Main.main(Main.java:43) [classes/:?]
2025-06-28 16:12:49 [main] INFO  Matcher:13 -  USER → ID: 0 | Name: faizanb | Email: faizans
2025-06-28 16:27:06 [main] ERROR UserDao:32 - DB error while registering user 'Faizan': ORA-00001: unique constraint (SYSTEM.SYS_C008317) violated

java.sql.SQLIntegrityConstraintViolationException: ORA-00001: unique constraint (SYSTEM.SYS_C008317) violated

	at oracle.jdbc.driver.T4CTTIoer11.processError(T4CTTIoer11.java:628) ~[ojdbc8-21.1.0.0.jar:21.1.0.0.0]
	at oracle.jdbc.driver.T4CTTIoer11.processError(T4CTTIoer11.java:562) ~[ojdbc8-21.1.0.0.jar:21.1.0.0.0]
	at oracle.jdbc.driver.T4C8Oall.processError(T4C8Oall.java:1145) ~[ojdbc8-21.1.0.0.jar:21.1.0.0.0]
	at oracle.jdbc.driver.T4CTTIfun.receive(T4CTTIfun.java:726) ~[ojdbc8-21.1.0.0.jar:21.1.0.0.0]
	at oracle.jdbc.driver.T4CTTIfun.doRPC(T4CTTIfun.java:291) ~[ojdbc8-21.1.0.0.jar:21.1.0.0.0]
	at oracle.jdbc.driver.T4C8Oall.doOALL(T4C8Oall.java:492) ~[ojdbc8-21.1.0.0.jar:21.1.0.0.0]
	at oracle.jdbc.driver.T4CPreparedStatement.doOall8(T4CPreparedStatement.java:148) ~[ojdbc8-21.1.0.0.jar:21.1.0.0.0]
	at oracle.jdbc.driver.T4CPreparedStatement.executeForRows(T4CPreparedStatement.java:1038) ~[ojdbc8-21.1.0.0.jar:21.1.0.0.0]
	at oracle.jdbc.driver.OracleStatement.executeSQLStatement(OracleStatement.java:1507) ~[ojdbc8-21.1.0.0.jar:21.1.0.0.0]
	at oracle.jdbc.driver.OracleStatement.doExecuteWithTimeout(OracleStatement.java:1287) ~[ojdbc8-21.1.0.0.jar:21.1.0.0.0]
	at oracle.jdbc.driver.OraclePreparedStatement.executeInternal(OraclePreparedStatement.java:3735) ~[ojdbc8-21.1.0.0.jar:21.1.0.0.0]
	at oracle.jdbc.driver.OraclePreparedStatement.executeLargeUpdate(OraclePreparedStatement.java:3910) ~[ojdbc8-21.1.0.0.jar:21.1.0.0.0]
	at oracle.jdbc.driver.OraclePreparedStatement.executeUpdate(OraclePreparedStatement.java:3889) ~[ojdbc8-21.1.0.0.jar:21.1.0.0.0]
	at oracle.jdbc.driver.OraclePreparedStatementWrapper.executeUpdate(OraclePreparedStatementWrapper.java:992) ~[ojdbc8-21.1.0.0.jar:21.1.0.0.0]
	at com.auction.dao.UserDao.RegisterUser(UserDao.java:27) [classes/:?]
	at com.auction.Main.main(Main.java:43) [classes/:?]
Caused by: oracle.jdbc.OracleDatabaseException: ORA-00001: unique constraint (SYSTEM.SYS_C008317) violated

	at oracle.jdbc.driver.T4CTTIoer11.processError(T4CTTIoer11.java:632) ~[ojdbc8-21.1.0.0.jar:21.1.0.0.0]
	... 15 more
2025-06-28 16:27:21 [main] INFO  Matcher:16 -  AUCTION ITEM → ID: 0 | Title: bookie | Category: book | Start Price: ₹500.0
2025-06-28 16:27:23 [main] INFO  AuctionItemDao:65 - 
=== All Auction Items ===
2025-06-28 16:27:23 [main] INFO  AuctionItemDao:71 - Item ID: 1, Title: bookie, Category: book, Starting Price: $500.0
2025-06-28 16:27:41 [main] INFO  Matcher:19 -  BID → Bid ID: 0 | User ID: 1 | Item ID: 1 | Amount: ₹600.0 | Time: 2025-06-28T16:27:41.261688100
2025-06-28 16:27:41 [main] INFO  Matcher:22 -  TRANSACTION → Transaction ID: 0 | Item ID: 1 | Buyer ID: 1 | Amount: ₹600.0 | Time: 2025-06-28T16:27:41.486
2025-06-28 16:27:41 [main] INFO  BidDao:147 - Winning transaction finalized - Item ID: 1, Buyer ID: 1, Amount: 600.0
2025-06-28 16:34:58 [main] INFO  Matcher:13 -  USER → ID: -1 | Name: faizan | Email: faizan@gmail.com
2025-06-28 16:35:15 [main] INFO  Matcher:13 -  USER → ID: -1 | Name: famiya | Email: famiya@gmail.com
2025-06-28 16:35:25 [main] INFO  Matcher:16 -  AUCTION ITEM → ID: 0 | Title: hue | Category: Bodfy | Start Price: ₹500.0
2025-06-28 16:35:26 [main] INFO  AuctionItemDao:65 - 
=== All Auction Items ===
2025-06-28 16:35:26 [main] INFO  AuctionItemDao:71 - Item ID: 1, Title: bookie, Category: book, Starting Price: $500.0
2025-06-28 16:35:26 [main] INFO  AuctionItemDao:71 - Item ID: 2, Title: hue, Category: Bodfy, Starting Price: $500.0
2025-06-28 16:35:56 [main] INFO  Matcher:19 -  BID → Bid ID: 0 | User ID: 3 | Item ID: 2 | Amount: ₹600.0 | Time: 2025-06-28T16:35:56.644769300
2025-06-28 16:36:04 [main] ERROR BidDao:57 - DB error during bid ORA-02291: integrity constraint (SYSTEM.SYS_C008328) violated - parent key not found

java.sql.SQLIntegrityConstraintViolationException: ORA-02291: integrity constraint (SYSTEM.SYS_C008328) violated - parent key not found

	at oracle.jdbc.driver.T4CTTIoer11.processError(T4CTTIoer11.java:628) ~[ojdbc8-21.1.0.0.jar:21.1.0.0.0]
	at oracle.jdbc.driver.T4CTTIoer11.processError(T4CTTIoer11.java:562) ~[ojdbc8-21.1.0.0.jar:21.1.0.0.0]
	at oracle.jdbc.driver.T4C8Oall.processError(T4C8Oall.java:1145) ~[ojdbc8-21.1.0.0.jar:21.1.0.0.0]
	at oracle.jdbc.driver.T4CTTIfun.receive(T4CTTIfun.java:726) ~[ojdbc8-21.1.0.0.jar:21.1.0.0.0]
	at oracle.jdbc.driver.T4CTTIfun.doRPC(T4CTTIfun.java:291) ~[ojdbc8-21.1.0.0.jar:21.1.0.0.0]
	at oracle.jdbc.driver.T4C8Oall.doOALL(T4C8Oall.java:492) ~[ojdbc8-21.1.0.0.jar:21.1.0.0.0]
	at oracle.jdbc.driver.T4CPreparedStatement.doOall8(T4CPreparedStatement.java:148) ~[ojdbc8-21.1.0.0.jar:21.1.0.0.0]
	at oracle.jdbc.driver.T4CPreparedStatement.executeForRows(T4CPreparedStatement.java:1038) ~[ojdbc8-21.1.0.0.jar:21.1.0.0.0]
	at oracle.jdbc.driver.OracleStatement.executeSQLStatement(OracleStatement.java:1507) ~[ojdbc8-21.1.0.0.jar:21.1.0.0.0]
	at oracle.jdbc.driver.OracleStatement.doExecuteWithTimeout(OracleStatement.java:1287) ~[ojdbc8-21.1.0.0.jar:21.1.0.0.0]
	at oracle.jdbc.driver.OraclePreparedStatement.executeInternal(OraclePreparedStatement.java:3735) ~[ojdbc8-21.1.0.0.jar:21.1.0.0.0]
	at oracle.jdbc.driver.OraclePreparedStatement.executeLargeUpdate(OraclePreparedStatement.java:3910) ~[ojdbc8-21.1.0.0.jar:21.1.0.0.0]
	at oracle.jdbc.driver.OraclePreparedStatement.executeUpdate(OraclePreparedStatement.java:3889) ~[ojdbc8-21.1.0.0.jar:21.1.0.0.0]
	at oracle.jdbc.driver.OraclePreparedStatementWrapper.executeUpdate(OraclePreparedStatementWrapper.java:992) ~[ojdbc8-21.1.0.0.jar:21.1.0.0.0]
	at com.auction.dao.BidDao.placeBid(BidDao.java:53) [classes/:?]
	at com.auction.Main.main(Main.java:96) [classes/:?]
Caused by: oracle.jdbc.OracleDatabaseException: ORA-02291: integrity constraint (SYSTEM.SYS_C008328) violated - parent key not found

	at oracle.jdbc.driver.T4CTTIoer11.processError(T4CTTIoer11.java:632) ~[ojdbc8-21.1.0.0.jar:21.1.0.0.0]
	... 15 more
2025-06-28 16:36:04 [main] INFO  Matcher:22 -  TRANSACTION → Transaction ID: 0 | Item ID: 1 | Buyer ID: 1 | Amount: ₹600.0 | Time: 2025-06-28T16:36:04.929
2025-06-28 16:36:04 [main] INFO  BidDao:147 - Winning transaction finalized - Item ID: 1, Buyer ID: 1, Amount: 600.0
2025-06-28 16:36:05 [main] INFO  Matcher:22 -  TRANSACTION → Transaction ID: 0 | Item ID: 2 | Buyer ID: 3 | Amount: ₹600.0 | Time: 2025-06-28T16:36:04.990
2025-06-28 16:36:05 [main] INFO  BidDao:147 - Winning transaction finalized - Item ID: 2, Buyer ID: 3, Amount: 600.0
2025-06-28 16:38:38 [main] INFO  Matcher:13 -  USER → ID: -1 | Name: Bibhab | Email: bibhab@gmail.com
2025-06-28 16:38:47 [main] INFO  Matcher:13 -  USER → ID: -1 | Name: Shyam | Email: shyam@gmail.com
2025-06-28 16:38:58 [main] INFO  Matcher:16 -  AUCTION ITEM → ID: 0 | Title: hot | Category: boy | Start Price: ₹1000.0
2025-06-28 16:38:59 [main] INFO  AuctionItemDao:65 - 
=== All Auction Items ===
2025-06-28 16:38:59 [main] INFO  AuctionItemDao:71 - Item ID: 1, Title: bookie, Category: book, Starting Price: $500.0
2025-06-28 16:38:59 [main] INFO  AuctionItemDao:71 - Item ID: 2, Title: hue, Category: Bodfy, Starting Price: $500.0
2025-06-28 16:38:59 [main] INFO  AuctionItemDao:71 - Item ID: 3, Title: hot, Category: boy, Starting Price: $1000.0
2025-06-28 16:40:10 [main] INFO  Matcher:19 -  BID → Bid ID: 0 | User ID: 4 | Item ID: 3 | Amount: ₹2000.0 | Time: 2025-06-28T16:40:10.596720500
2025-06-28 17:07:41 [main] INFO  Matcher:13 -  USER → ID: -1 | Name: faiazan | Email: faizans
2025-06-28 17:17:04 [main] ERROR UserDao:32 - DB error while registering user 'faizan': ORA-00942: table or view does not exist

java.sql.SQLSyntaxErrorException: ORA-00942: table or view does not exist

	at oracle.jdbc.driver.T4CTTIoer11.processError(T4CTTIoer11.java:628) ~[ojdbc8-21.1.0.0.jar:21.1.0.0.0]
	at oracle.jdbc.driver.T4CTTIoer11.processError(T4CTTIoer11.java:562) ~[ojdbc8-21.1.0.0.jar:21.1.0.0.0]
	at oracle.jdbc.driver.T4C8Oall.processError(T4C8Oall.java:1145) ~[ojdbc8-21.1.0.0.jar:21.1.0.0.0]
	at oracle.jdbc.driver.T4CTTIfun.receive(T4CTTIfun.java:726) ~[ojdbc8-21.1.0.0.jar:21.1.0.0.0]
	at oracle.jdbc.driver.T4CTTIfun.doRPC(T4CTTIfun.java:291) ~[ojdbc8-21.1.0.0.jar:21.1.0.0.0]
	at oracle.jdbc.driver.T4C8Oall.doOALL(T4C8Oall.java:492) ~[ojdbc8-21.1.0.0.jar:21.1.0.0.0]
	at oracle.jdbc.driver.T4CPreparedStatement.doOall8(T4CPreparedStatement.java:148) ~[ojdbc8-21.1.0.0.jar:21.1.0.0.0]
	at oracle.jdbc.driver.T4CPreparedStatement.executeForRows(T4CPreparedStatement.java:1038) ~[ojdbc8-21.1.0.0.jar:21.1.0.0.0]
	at oracle.jdbc.driver.OracleStatement.executeSQLStatement(OracleStatement.java:1507) ~[ojdbc8-21.1.0.0.jar:21.1.0.0.0]
	at oracle.jdbc.driver.OracleStatement.doExecuteWithTimeout(OracleStatement.java:1287) ~[ojdbc8-21.1.0.0.jar:21.1.0.0.0]
	at oracle.jdbc.driver.OraclePreparedStatement.executeInternal(OraclePreparedStatement.java:3735) ~[ojdbc8-21.1.0.0.jar:21.1.0.0.0]
	at oracle.jdbc.driver.OraclePreparedStatement.executeLargeUpdate(OraclePreparedStatement.java:3910) ~[ojdbc8-21.1.0.0.jar:21.1.0.0.0]
	at oracle.jdbc.driver.OraclePreparedStatement.executeUpdate(OraclePreparedStatement.java:3889) ~[ojdbc8-21.1.0.0.jar:21.1.0.0.0]
	at oracle.jdbc.driver.OraclePreparedStatementWrapper.executeUpdate(OraclePreparedStatementWrapper.java:992) ~[ojdbc8-21.1.0.0.jar:21.1.0.0.0]
	at com.auction.dao.UserDao.RegisterUser(UserDao.java:27) [classes/:?]
	at com.auction.Main.main(Main.java:43) [classes/:?]
Caused by: oracle.jdbc.OracleDatabaseException: ORA-00942: table or view does not exist

	at oracle.jdbc.driver.T4CTTIoer11.processError(T4CTTIoer11.java:632) ~[ojdbc8-21.1.0.0.jar:21.1.0.0.0]
	... 15 more
2025-06-28 17:59:01 [main] INFO  Matcher:13 -  USER → ID: -1 | Name: faizan | Email: faizan@gamil.com
2025-06-28 18:05:17 [main] INFO  Matcher:16 -  AUCTION ITEM → ID: 0 | Title: face | Category: boy | Start Price: ₹500.0
2025-06-28 18:05:19 [main] INFO  AuctionItemDao:66 - 
=== All Auction Items ===
2025-06-28 18:05:19 [main] INFO  AuctionItemDao:72 - Item ID: 2, Title: face, Category: boy, Starting Price: $500.0
2025-06-28 18:06:18 [main] INFO  Matcher:19 -  BID → Bid ID: 0 | User ID: 22 | Item ID: 2 | Amount: ₹600.0 | Time: 2025-06-28T18:06:18.818377600
2025-06-28 18:06:19 [main] INFO  Matcher:22 -  TRANSACTION → Transaction ID: 0 | Item ID: 2 | Buyer ID: 22 | Amount: ₹600.0 | Time: 2025-06-28T18:06:18.978
2025-06-28 18:06:19 [main] INFO  BidDao:147 - Winning transaction finalized - Item ID: 2, Buyer ID: 22, Amount: 600.0
2025-06-28 18:06:32 [main] INFO  Matcher:13 -  USER → ID: -1 | Name: sda | Email: asda
2025-06-28 18:15:17 [main] ERROR UserDao:32 - DB error while registering user 'FAIZAN': ORA-00942: table or view does not exist

java.sql.SQLSyntaxErrorException: ORA-00942: table or view does not exist

	at oracle.jdbc.driver.T4CTTIoer11.processError(T4CTTIoer11.java:628) ~[ojdbc8-21.1.0.0.jar:21.1.0.0.0]
	at oracle.jdbc.driver.T4CTTIoer11.processError(T4CTTIoer11.java:562) ~[ojdbc8-21.1.0.0.jar:21.1.0.0.0]
	at oracle.jdbc.driver.T4C8Oall.processError(T4C8Oall.java:1145) ~[ojdbc8-21.1.0.0.jar:21.1.0.0.0]
	at oracle.jdbc.driver.T4CTTIfun.receive(T4CTTIfun.java:726) ~[ojdbc8-21.1.0.0.jar:21.1.0.0.0]
	at oracle.jdbc.driver.T4CTTIfun.doRPC(T4CTTIfun.java:291) ~[ojdbc8-21.1.0.0.jar:21.1.0.0.0]
	at oracle.jdbc.driver.T4C8Oall.doOALL(T4C8Oall.java:492) ~[ojdbc8-21.1.0.0.jar:21.1.0.0.0]
	at oracle.jdbc.driver.T4CPreparedStatement.doOall8(T4CPreparedStatement.java:148) ~[ojdbc8-21.1.0.0.jar:21.1.0.0.0]
	at oracle.jdbc.driver.T4CPreparedStatement.executeForRows(T4CPreparedStatement.java:1038) ~[ojdbc8-21.1.0.0.jar:21.1.0.0.0]
	at oracle.jdbc.driver.OracleStatement.executeSQLStatement(OracleStatement.java:1507) ~[ojdbc8-21.1.0.0.jar:21.1.0.0.0]
	at oracle.jdbc.driver.OracleStatement.doExecuteWithTimeout(OracleStatement.java:1287) ~[ojdbc8-21.1.0.0.jar:21.1.0.0.0]
	at oracle.jdbc.driver.OraclePreparedStatement.executeInternal(OraclePreparedStatement.java:3735) ~[ojdbc8-21.1.0.0.jar:21.1.0.0.0]
	at oracle.jdbc.driver.OraclePreparedStatement.executeLargeUpdate(OraclePreparedStatement.java:3910) ~[ojdbc8-21.1.0.0.jar:21.1.0.0.0]
	at oracle.jdbc.driver.OraclePreparedStatement.executeUpdate(OraclePreparedStatement.java:3889) ~[ojdbc8-21.1.0.0.jar:21.1.0.0.0]
	at oracle.jdbc.driver.OraclePreparedStatementWrapper.executeUpdate(OraclePreparedStatementWrapper.java:992) ~[ojdbc8-21.1.0.0.jar:21.1.0.0.0]
	at com.auction.dao.UserDao.RegisterUser(UserDao.java:27) [classes/:?]
	at com.auction.Main.main(Main.java:43) [classes/:?]
Caused by: oracle.jdbc.OracleDatabaseException: ORA-00942: table or view does not exist

	at oracle.jdbc.driver.T4CTTIoer11.processError(T4CTTIoer11.java:632) ~[ojdbc8-21.1.0.0.jar:21.1.0.0.0]
	... 15 more
2025-06-28 18:58:25 [main] INFO  Matcher:13 -  USER → ID: -1 | Name: Akram | Email: akram@gmail.com
2025-06-28 18:58:40 [main] INFO  Matcher:16 -  AUCTION ITEM → ID: -1 | Title: life | Category: boy | Start Price: ₹500.0
2025-06-28 18:58:42 [main] INFO  AuctionItemDao:68 - 
=== All Auction Items ===
2025-06-28 18:58:42 [main] INFO  AuctionItemDao:74 - Item ID: 1, Title: Fastrack Watch, Category: Watch, Starting Price: $5000.0
2025-06-28 18:58:42 [main] INFO  AuctionItemDao:74 - Item ID: 2, Title: Gold Chain, Category: Necklace, Starting Price: $50000.0
2025-06-28 18:58:42 [main] INFO  AuctionItemDao:74 - Item ID: 3, Title: HOrse, Category: animal, Starting Price: $5000.0
2025-06-28 18:58:42 [main] INFO  AuctionItemDao:74 - Item ID: 4, Title: asd, Category: sd, Starting Price: $500.0
2025-06-28 18:58:42 [main] INFO  AuctionItemDao:74 - Item ID: 5, Title: Bag, Category: Gold Bag, Starting Price: $50000.0
2025-06-28 18:58:42 [main] INFO  AuctionItemDao:74 - Item ID: 6, Title: life, Category: boy, Starting Price: $500.0
2025-06-28 18:59:29 [main] INFO  Matcher:19 -  BID → Bid ID: -1 | User ID: 7 | Item ID: 6 | Amount: ₹1000.0 | Time: 2025-06-28T18:59:29.333528100
2025-06-28 18:59:29 [main] INFO  Matcher:22 -  TRANSACTION → Transaction ID: 0 | Item ID: 1 | Buyer ID: 2 | Amount: ₹10000.0 | Time: 2025-06-28T18:59:29.430
2025-06-28 18:59:29 [main] INFO  BidDao:149 - Winning transaction finalized - Item ID: 1, Buyer ID: 2, Amount: 10000.0
2025-06-28 18:59:29 [main] INFO  Matcher:22 -  TRANSACTION → Transaction ID: 0 | Item ID: 5 | Buyer ID: 2 | Amount: ₹70000.0 | Time: 2025-06-28T18:59:29.478
2025-06-28 18:59:29 [main] INFO  BidDao:149 - Winning transaction finalized - Item ID: 5, Buyer ID: 2, Amount: 70000.0
2025-06-28 18:59:29 [main] INFO  Matcher:22 -  TRANSACTION → Transaction ID: 0 | Item ID: 6 | Buyer ID: 7 | Amount: ₹1000.0 | Time: 2025-06-28T18:59:29.508
2025-06-28 18:59:29 [main] INFO  BidDao:149 - Winning transaction finalized - Item ID: 6, Buyer ID: 7, Amount: 1000.0
